{
  "stats": {
    "suites": 1,
    "tests": 1,
    "passes": 1,
    "pending": 0,
    "failures": 0,
    "start": "2024-08-13T15:05:30.492Z",
    "end": "2024-08-13T15:05:30.502Z",
    "duration": 10,
    "testsRegistered": 1,
    "passPercent": 100,
    "pendingPercent": 0,
    "other": 0,
    "hasOther": false,
    "skipped": 0,
    "hasSkipped": false
  },
  "results": [
    {
      "uuid": "00a4ef8b-2b7c-4db0-a97e-fdf8043174e7",
      "title": "",
      "fullFile": "C:\\Users\\Евгения\\Tests-home-tasks\\test\\numbers_validator\\isNumberEven.spec.mjs",
      "file": "\\test\\numbers_validator\\isNumberEven.spec.mjs",
      "beforeHooks": [],
      "afterHooks": [],
      "tests": [],
      "suites": [
        {
          "uuid": "92ee6cd7-7400-414f-b4e1-0f235efa9f1b",
          "title": "isNumberEven",
          "fullFile": "C:\\Users\\Евгения\\Tests-home-tasks\\test\\numbers_validator\\isNumberEven.spec.mjs",
          "file": "\\test\\numbers_validator\\isNumberEven.spec.mjs",
          "beforeHooks": [
            {
              "title": "\"before each\" hook in \"isNumberEven\"",
              "fullTitle": "isNumberEven \"before each\" hook in \"isNumberEven\"",
              "timedOut": false,
              "duration": 0,
              "state": null,
              "speed": null,
              "pass": false,
              "fail": false,
              "pending": false,
              "context": null,
              "code": "// Instantiates a new NumbersValidator object before each test and assigns it to 'validator'\nvalidator = new NumbersValidator();",
              "err": {},
              "uuid": "78cf5b28-1da7-4f92-bbea-beefdf251519",
              "parentUUID": "92ee6cd7-7400-414f-b4e1-0f235efa9f1b",
              "isHook": true,
              "skipped": false
            }
          ],
          "afterHooks": [
            {
              "title": "\"after each\" hook in \"isNumberEven\"",
              "fullTitle": "isNumberEven \"after each\" hook in \"isNumberEven\"",
              "timedOut": false,
              "duration": 0,
              "state": null,
              "speed": null,
              "pass": false,
              "fail": false,
              "pending": false,
              "context": null,
              "code": "// Sets the validator variable to null to clean up memory after each test\nvalidator = null;",
              "err": {},
              "uuid": "f4a0efba-6f10-4afd-a7af-2fac12d2d509",
              "parentUUID": "92ee6cd7-7400-414f-b4e1-0f235efa9f1b",
              "isHook": true,
              "skipped": false
            }
          ],
          "tests": [
            {
              "title": "should return true if number is even",
              "fullTitle": "isNumberEven should return true if number is even",
              "timedOut": false,
              "duration": 0,
              "state": "passed",
              "speed": "fast",
              "pass": true,
              "fail": false,
              "pending": false,
              "context": null,
              "code": "// Using 'expect' to assert that the 'isNumberEven' method returns true when\n// passed the even number 4. The '.to.be.equal(true)' is the actual assertion check.\nexpect(validator.isNumberEven(4)).to.be.equal(true);",
              "err": {},
              "uuid": "3be56bc2-5279-42f2-98bf-cdc708b0fe80",
              "parentUUID": "92ee6cd7-7400-414f-b4e1-0f235efa9f1b",
              "isHook": false,
              "skipped": false
            }
          ],
          "suites": [],
          "passes": [
            "3be56bc2-5279-42f2-98bf-cdc708b0fe80"
          ],
          "failures": [],
          "pending": [],
          "skipped": [],
          "duration": 0,
          "root": false,
          "rootEmpty": false,
          "_timeout": 2000
        }
      ],
      "passes": [],
      "failures": [],
      "pending": [],
      "skipped": [],
      "duration": 0,
      "root": true,
      "rootEmpty": true,
      "_timeout": 2000
    }
  ],
  "meta": {
    "mocha": {
      "version": "10.7.3"
    },
    "mochawesome": {
      "options": {
        "quiet": false,
        "reportFilename": "mochawesome",
        "saveHtml": true,
        "saveJson": true,
        "consoleReporter": "spec",
        "useInlineDiffs": false,
        "code": true
      },
      "version": "7.1.3"
    },
    "marge": {
      "options": null,
      "version": "6.2.0"
    }
  }
}